\BOOKMARK [1][-]{section.1}{Introduction}{}% 1
\BOOKMARK [2][-]{subsection.1.1}{Purpose}{section.1}% 2
\BOOKMARK [2][-]{subsection.1.2}{Scope}{section.1}% 3
\BOOKMARK [2][-]{subsection.1.3}{Definitions, Acronyms and Abbreviations}{section.1}% 4
\BOOKMARK [2][-]{subsection.1.4}{References}{section.1}% 5
\BOOKMARK [2][-]{subsection.1.5}{Overview}{section.1}% 6
\BOOKMARK [1][-]{section.2}{General Description}{}% 7
\BOOKMARK [2][-]{subsection.2.1}{Product Perspective}{section.2}% 8
\BOOKMARK [2][-]{subsection.2.2}{Product Functions}{section.2}% 9
\BOOKMARK [2][-]{subsection.2.3}{User Characteristics}{section.2}% 10
\BOOKMARK [2][-]{subsection.2.4}{General Constraints}{section.2}% 11
\BOOKMARK [2][-]{subsection.2.5}{Assumptions and Dependencies}{section.2}% 12
\BOOKMARK [1][-]{section.3}{Specific Requirements}{}% 13
\BOOKMARK [2][-]{subsection.3.1}{External Interface Requirements}{section.3}% 14
\BOOKMARK [3][-]{subsubsection.3.1.1}{User Interfaces}{subsection.3.1}% 15
\BOOKMARK [3][-]{subsubsection.3.1.2}{Hardware Interfaces}{subsection.3.1}% 16
\BOOKMARK [3][-]{subsubsection.3.1.3}{Software Interfaces}{subsection.3.1}% 17
\BOOKMARK [3][-]{subsubsection.3.1.4}{Communication Interfaces}{subsection.3.1}% 18
\BOOKMARK [2][-]{subsection.3.2}{Functional Requirements}{section.3}% 19
\BOOKMARK [3][-]{subsubsection.3.2.1}{Authentication}{subsection.3.2}% 20
\BOOKMARK [3][-]{subsubsection.3.2.2}{Project}{subsection.3.2}% 21
\BOOKMARK [2][-]{subsection.3.3}{Use Cases}{section.3}% 22
\BOOKMARK [3][-]{subsubsection.3.3.1}{Authentication : Register New User}{subsection.3.3}% 23
\BOOKMARK [3][-]{subsubsection.3.3.2}{Authentication : Login}{subsection.3.3}% 24
\BOOKMARK [3][-]{subsubsection.3.3.3}{Authentication : Logout}{subsection.3.3}% 25
\BOOKMARK [3][-]{subsubsection.3.3.4}{Project : Creating new Projects}{subsection.3.3}% 26
\BOOKMARK [2][-]{subsection.3.4}{Classes and Objects}{section.3}% 27
\BOOKMARK [2][-]{subsection.3.5}{Non-Functional Requirements}{section.3}% 28
\BOOKMARK [3][-]{subsubsection.3.5.1}{Performance}{subsection.3.5}% 29
\BOOKMARK [3][-]{subsubsection.3.5.2}{Reliability}{subsection.3.5}% 30
\BOOKMARK [3][-]{subsubsection.3.5.3}{Availability}{subsection.3.5}% 31
\BOOKMARK [3][-]{subsubsection.3.5.4}{Security}{subsection.3.5}% 32
\BOOKMARK [3][-]{subsubsection.3.5.5}{Maintainability}{subsection.3.5}% 33
\BOOKMARK [3][-]{subsubsection.3.5.6}{Portability}{subsection.3.5}% 34
\BOOKMARK [2][-]{subsection.3.6}{Inverse Requirements}{section.3}% 35
\BOOKMARK [2][-]{subsection.3.7}{Design Constraints}{section.3}% 36
\BOOKMARK [2][-]{subsection.3.8}{Logical Database Requirements}{section.3}% 37
\BOOKMARK [2][-]{subsection.3.9}{Other Requirements}{section.3}% 38
\BOOKMARK [1][-]{section.4}{Analysis Models}{}% 39
\BOOKMARK [2][-]{subsection.4.1}{Sequence Diagrams}{section.4}% 40
\BOOKMARK [2][-]{subsection.4.2}{Activity Diagrams}{section.4}% 41
\BOOKMARK [1][-]{section.5}{Change Management Process}{}% 42
\BOOKMARK [1][-]{section.6}{Appendices}{}% 43
\BOOKMARK [2][-]{subsection.6.1}{Appendix 1}{section.6}% 44
\BOOKMARK [2][-]{subsection.6.2}{Appendix 2}{section.6}% 45
\BOOKMARK [2][-]{subsection.6.3}{Appendix 3}{section.6}% 46
